# JRE version: Java(TM) SE Runtime Environment (8.0_111-b14) (build 1.8.0_111-b14)
# Java VM: Java HotSpot(TM) 64-Bit Server VM (25.111-b14 mixed mode linux-amd64 compressed oops)
Heap:
 PSYoungGen      total 124928K, used 26275K [0x00000000f5580000, 0x00000000fe580000, 0x0000000100000000)
  eden space 117760K, 22% used [0x00000000f5580000,0x00000000f6f28ff8,0x00000000fc880000)
  from space 7168K, 0% used [0x00000000fd480000,0x00000000fd480000,0x00000000fdb80000)
  to   space 12288K, 0% used [0x00000000fc880000,0x00000000fc880000,0x00000000fd480000)
 ParOldGen       total 48640K, used 17717K [0x00000000e0000000, 0x00000000e2f80000, 0x00000000f5580000)
  object space 48640K, 36% used [0x00000000e0000000,0x00000000e114d670,0x00000000e2f80000)
 Metaspace       used 21675K, capacity 22004K, committed 22448K, reserved 1069056K
  class space    used 2339K, capacity 2449K, committed 2560K, reserved 1048576K
GC Heap History (10 events):
Event: 5.181 GC heap before
{Heap before GC invocations=3 (full 0):
 PSYoungGen      total 33280K, used 33264K [0x00000000f5580000, 0x00000000f7880000, 0x0000000100000000)
  eden space 30720K, 100% used [0x00000000f5580000,0x00000000f7380000,0x00000000f7380000)
  from space 2560K, 99% used [0x00000000f7600000,0x00000000f787c040,0x00000000f7880000)
  to   space 2560K, 0% used [0x00000000f7380000,0x00000000f7380000,0x00000000f7600000)
 ParOldGen       total 40960K, used 2551K [0x00000000e0000000, 0x00000000e2800000, 0x00000000f5580000)
  object space 40960K, 6% used [0x00000000e0000000,0x00000000e027ddf8,0x00000000e2800000)
 Metaspace       used 13944K, capacity 14178K, committed 14464K, reserved 1062912K
  class space    used 1748K, capacity 1827K, committed 1920K, reserved 1048576K
Event: 5.207 GC heap after
Heap after GC invocations=3 (full 0):
 PSYoungGen      total 33280K, used 2547K [0x00000000f5580000, 0x00000000f9680000, 0x0000000100000000)
  eden space 30720K, 0% used [0x00000000f5580000,0x00000000f5580000,0x00000000f7380000)
  from space 2560K, 99% used [0x00000000f7380000,0x00000000f75fcd40,0x00000000f7600000)
  to   space 2560K, 0% used [0x00000000f9400000,0x00000000f9400000,0x00000000f9680000)
 ParOldGen       total 40960K, used 6970K [0x00000000e0000000, 0x00000000e2800000, 0x00000000f5580000)
  object space 40960K, 17% used [0x00000000e0000000,0x00000000e06ceb38,0x00000000e2800000)
 Metaspace       used 13944K, capacity 14178K, committed 14464K, reserved 1062912K
  class space    used 1748K, capacity 1827K, committed 1920K, reserved 1048576K
}
Event: 7.167 GC heap before
{Heap before GC invocations=4 (full 0):
 PSYoungGen      total 33280K, used 33267K [0x00000000f5580000, 0x00000000f9680000, 0x0000000100000000)
  eden space 30720K, 100% used [0x00000000f5580000,0x00000000f7380000,0x00000000f7380000)
  from space 2560K, 99% used [0x00000000f7380000,0x00000000f75fcd40,0x00000000f7600000)
  to   space 2560K, 0% used [0x00000000f9400000,0x00000000f9400000,0x00000000f9680000)
 ParOldGen       total 40960K, used 6970K [0x00000000e0000000, 0x00000000e2800000, 0x00000000f5580000)
  object space 40960K, 17% used [0x00000000e0000000,0x00000000e06ceb38,0x00000000e2800000)
 Metaspace       used 16544K, capacity 16860K, committed 17024K, reserved 1064960K
  class space    used 1975K, capacity 2124K, committed 2176K, reserved 1048576K
Event: 7.202 GC heap after
Heap after GC invocations=4 (full 0):
 PSYoungGen      total 64000K, used 2558K [0x00000000f5580000, 0x00000000f9680000, 0x0000000100000000)
  eden space 61440K, 0% used [0x00000000f5580000,0x00000000f5580000,0x00000000f9180000)
  from space 2560K, 99% used [0x00000000f9400000,0x00000000f967f9e0,0x00000000f9680000)
  to   space 2560K, 0% used [0x00000000f9180000,0x00000000f9180000,0x00000000f9400000)
 ParOldGen       total 40960K, used 9287K [0x00000000e0000000, 0x00000000e2800000, 0x00000000f5580000)
  object space 40960K, 22% used [0x00000000e0000000,0x00000000e0911d88,0x00000000e2800000)
 Metaspace       used 16544K, capacity 16860K, committed 17024K, reserved 1064960K
  class space    used 1975K, capacity 2124K, committed 2176K, reserved 1048576K
}
Event: 9.140 GC heap before
{Heap before GC invocations=5 (full 0):
 PSYoungGen      total 64000K, used 63998K [0x00000000f5580000, 0x00000000f9680000, 0x0000000100000000)
  eden space 61440K, 100% used [0x00000000f5580000,0x00000000f9180000,0x00000000f9180000)
  from space 2560K, 99% used [0x00000000f9400000,0x00000000f967f9e0,0x00000000f9680000)
  to   space 2560K, 0% used [0x00000000f9180000,0x00000000f9180000,0x00000000f9400000)
 ParOldGen       total 40960K, used 9287K [0x00000000e0000000, 0x00000000e2800000, 0x00000000f5580000)
  object space 40960K, 22% used [0x00000000e0000000,0x00000000e0911d88,0x00000000e2800000)
 Metaspace       used 18263K, capacity 18594K, committed 18944K, reserved 1067008K
  class space    used 2063K, capacity 2189K, committed 2304K, reserved 1048576K
Event: 9.168 GC heap after
Heap after GC invocations=5 (full 0):
 PSYoungGen      total 64000K, used 2544K [0x00000000f5580000, 0x00000000fdb80000, 0x0000000100000000)
  eden space 61440K, 0% used [0x00000000f5580000,0x00000000f5580000,0x00000000f9180000)
  from space 2560K, 99% used [0x00000000f9180000,0x00000000f93fc020,0x00000000f9400000)
  to   space 7168K, 0% used [0x00000000fd480000,0x00000000fd480000,0x00000000fdb80000)
 ParOldGen       total 40960K, used 12314K [0x00000000e0000000, 0x00000000e2800000, 0x00000000f5580000)
  object space 40960K, 30% used [0x00000000e0000000,0x00000000e0c06a98,0x00000000e2800000)
 Metaspace       used 18263K, capacity 18594K, committed 18944K, reserved 1067008K
  class space    used 2063K, capacity 2189K, committed 2304K, reserved 1048576K
}
Event: 11.442 GC heap before
{Heap before GC invocations=6 (full 0):
 PSYoungGen      total 64000K, used 51226K [0x00000000f5580000, 0x00000000fdb80000, 0x0000000100000000)
  eden space 61440K, 79% used [0x00000000f5580000,0x00000000f850aa90,0x00000000f9180000)
  from space 2560K, 99% used [0x00000000f9180000,0x00000000f93fc020,0x00000000f9400000)
  to   space 7168K, 0% used [0x00000000fd480000,0x00000000fd480000,0x00000000fdb80000)
 ParOldGen       total 40960K, used 12314K [0x00000000e0000000, 0x00000000e2800000, 0x00000000f5580000)
  object space 40960K, 30% used [0x00000000e0000000,0x00000000e0c06a98,0x00000000e2800000)
 Metaspace       used 20880K, capacity 21128K, committed 21296K, reserved 1069056K
  class space    used 2287K, capacity 2414K, committed 2432K, reserved 1048576K
Event: 11.523 GC heap after
Heap after GC invocations=6 (full 0):
 PSYoungGen      total 124928K, used 7139K [0x00000000f5580000, 0x00000000fe580000, 0x0000000100000000)
  eden space 117760K, 0% used [0x00000000f5580000,0x00000000f5580000,0x00000000fc880000)
  from space 7168K, 99% used [0x00000000fd480000,0x00000000fdb78d70,0x00000000fdb80000)
  to   space 12288K, 0% used [0x00000000fc880000,0x00000000fc880000,0x00000000fd480000)
 ParOldGen       total 40960K, used 19730K [0x00000000e0000000, 0x00000000e2800000, 0x00000000f5580000)
  object space 40960K, 48% used [0x00000000e0000000,0x00000000e1344a18,0x00000000e2800000)
 Metaspace       used 20880K, capacity 21128K, committed 21296K, reserved 1069056K
  class space    used 2287K, capacity 2414K, committed 2432K, reserved 1048576K
}
Event: 11.523 GC heap before
{Heap before GC invocations=7 (full 1):
 PSYoungGen      total 124928K, used 7139K [0x00000000f5580000, 0x00000000fe580000, 0x0000000100000000)
  eden space 117760K, 0% used [0x00000000f5580000,0x00000000f5580000,0x00000000fc880000)
  from space 7168K, 99% used [0x00000000fd480000,0x00000000fdb78d70,0x00000000fdb80000)
  to   space 12288K, 0% used [0x00000000fc880000,0x00000000fc880000,0x00000000fd480000)
 ParOldGen       total 40960K, used 19730K [0x00000000e0000000, 0x00000000e2800000, 0x00000000f5580000)
  object space 40960K, 48% used [0x00000000e0000000,0x00000000e1344a18,0x00000000e2800000)
 Metaspace       used 20880K, capacity 21128K, committed 21296K, reserved 1069056K
  class space    used 2287K, capacity 2414K, committed 2432K, reserved 1048576K
Event: 11.834 GC heap after
Heap after GC invocations=7 (full 1):
 PSYoungGen      total 124928K, used 0K [0x00000000f5580000, 0x00000000fe580000, 0x0000000100000000)
  eden space 117760K, 0% used [0x00000000f5580000,0x00000000f5580000,0x00000000fc880000)
  from space 7168K, 0% used [0x00000000fd480000,0x00000000fd480000,0x00000000fdb80000)
  to   space 12288K, 0% used [0x00000000fc880000,0x00000000fc880000,0x00000000fd480000)
 ParOldGen       total 48640K, used 17717K [0x00000000e0000000, 0x00000000e2f80000, 0x00000000f5580000)
  object space 48640K, 36% used [0x00000000e0000000,0x00000000e114d670,0x00000000e2f80000)
 Metaspace       used 20880K, capacity 21128K, committed 21296K, reserved 1069056K
  class space    used 2287K, capacity 2414K, committed 2432K, reserved 1048576K
}

