# JRE version: Java(TM) SE Runtime Environment (8.0_111-b14) (build 1.8.0_111-b14)
# Java VM: Java HotSpot(TM) 64-Bit Server VM (25.111-b14 mixed mode linux-amd64 compressed oops)
Heap:
 PSYoungGen      total 64000K, used 42999K [0x00000000f5580000, 0x00000000f9680000, 0x0000000100000000)
  eden space 61440K, 65% used [0x00000000f5580000,0x00000000f7cff280,0x00000000f9180000)
  from space 2560K, 99% used [0x00000000f9400000,0x00000000f967ed00,0x00000000f9680000)
  to   space 2560K, 0% used [0x00000000f9180000,0x00000000f9180000,0x00000000f9400000)
 ParOldGen       total 40960K, used 9684K [0x00000000e0000000, 0x00000000e2800000, 0x00000000f5580000)
  object space 40960K, 23% used [0x00000000e0000000,0x00000000e0975300,0x00000000e2800000)
 Metaspace       used 16246K, capacity 16554K, committed 16896K, reserved 1064960K
  class space    used 1819K, capacity 1961K, committed 2048K, reserved 1048576K
GC Heap History (8 events):
Event: 2.098 GC heap before
{Heap before GC invocations=1 (full 0):
 PSYoungGen      total 17920K, used 15360K [0x00000000f5580000, 0x00000000f6980000, 0x0000000100000000)
  eden space 15360K, 100% used [0x00000000f5580000,0x00000000f6480000,0x00000000f6480000)
  from space 2560K, 0% used [0x00000000f6700000,0x00000000f6700000,0x00000000f6980000)
  to   space 2560K, 0% used [0x00000000f6480000,0x00000000f6480000,0x00000000f6700000)
 ParOldGen       total 40960K, used 0K [0x00000000e0000000, 0x00000000e2800000, 0x00000000f5580000)
  object space 40960K, 0% used [0x00000000e0000000,0x00000000e0000000,0x00000000e2800000)
 Metaspace       used 7768K, capacity 8002K, committed 8320K, reserved 1056768K
  class space    used 993K, capacity 1065K, committed 1152K, reserved 1048576K
Event: 2.124 GC heap after
Heap after GC invocations=1 (full 0):
 PSYoungGen      total 17920K, used 2529K [0x00000000f5580000, 0x00000000f7880000, 0x0000000100000000)
  eden space 15360K, 0% used [0x00000000f5580000,0x00000000f5580000,0x00000000f6480000)
  from space 2560K, 98% used [0x00000000f6480000,0x00000000f66f8550,0x00000000f6700000)
  to   space 2560K, 0% used [0x00000000f7600000,0x00000000f7600000,0x00000000f7880000)
 ParOldGen       total 40960K, used 900K [0x00000000e0000000, 0x00000000e2800000, 0x00000000f5580000)
  object space 40960K, 2% used [0x00000000e0000000,0x00000000e00e10e0,0x00000000e2800000)
 Metaspace       used 7768K, capacity 8002K, committed 8320K, reserved 1056768K
  class space    used 993K, capacity 1065K, committed 1152K, reserved 1048576K
}
Event: 3.352 GC heap before
{Heap before GC invocations=2 (full 0):
 PSYoungGen      total 17920K, used 17889K [0x00000000f5580000, 0x00000000f7880000, 0x0000000100000000)
  eden space 15360K, 100% used [0x00000000f5580000,0x00000000f6480000,0x00000000f6480000)
  from space 2560K, 98% used [0x00000000f6480000,0x00000000f66f8550,0x00000000f6700000)
  to   space 2560K, 0% used [0x00000000f7600000,0x00000000f7600000,0x00000000f7880000)
 ParOldGen       total 40960K, used 900K [0x00000000e0000000, 0x00000000e2800000, 0x00000000f5580000)
  object space 40960K, 2% used [0x00000000e0000000,0x00000000e00e10e0,0x00000000e2800000)
 Metaspace       used 10754K, capacity 10932K, committed 11008K, reserved 1058816K
  class space    used 1369K, capacity 1462K, committed 1536K, reserved 1048576K
Event: 3.379 GC heap after
Heap after GC invocations=2 (full 0):
 PSYoungGen      total 33280K, used 2547K [0x00000000f5580000, 0x00000000f7880000, 0x0000000100000000)
  eden space 30720K, 0% used [0x00000000f5580000,0x00000000f5580000,0x00000000f7380000)
  from space 2560K, 99% used [0x00000000f7600000,0x00000000f787cd20,0x00000000f7880000)
  to   space 2560K, 0% used [0x00000000f7380000,0x00000000f7380000,0x00000000f7600000)
 ParOldGen       total 40960K, used 2963K [0x00000000e0000000, 0x00000000e2800000, 0x00000000f5580000)
  object space 40960K, 7% used [0x00000000e0000000,0x00000000e02e4cc0,0x00000000e2800000)
 Metaspace       used 10754K, capacity 10932K, committed 11008K, reserved 1058816K
  class space    used 1369K, capacity 1462K, committed 1536K, reserved 1048576K
}
Event: 6.263 GC heap before
{Heap before GC invocations=3 (full 0):
 PSYoungGen      total 33280K, used 33267K [0x00000000f5580000, 0x00000000f7880000, 0x0000000100000000)
  eden space 30720K, 100% used [0x00000000f5580000,0x00000000f7380000,0x00000000f7380000)
  from space 2560K, 99% used [0x00000000f7600000,0x00000000f787cd20,0x00000000f7880000)
  to   space 2560K, 0% used [0x00000000f7380000,0x00000000f7380000,0x00000000f7600000)
 ParOldGen       total 40960K, used 2963K [0x00000000e0000000, 0x00000000e2800000, 0x00000000f5580000)
  object space 40960K, 7% used [0x00000000e0000000,0x00000000e02e4cc0,0x00000000e2800000)
 Metaspace       used 13676K, capacity 14024K, committed 14208K, reserved 1060864K
  class space    used 1664K, capacity 1800K, committed 1920K, reserved 1048576K
Event: 6.305 GC heap after
Heap after GC invocations=3 (full 0):
 PSYoungGen      total 33280K, used 2555K [0x00000000f5580000, 0x00000000f9680000, 0x0000000100000000)
  eden space 30720K, 0% used [0x00000000f5580000,0x00000000f5580000,0x00000000f7380000)
  from space 2560K, 99% used [0x00000000f7380000,0x00000000f75fece0,0x00000000f7600000)
  to   space 2560K, 0% used [0x00000000f9400000,0x00000000f9400000,0x00000000f9680000)
 ParOldGen       total 40960K, used 7089K [0x00000000e0000000, 0x00000000e2800000, 0x00000000f5580000)
  object space 40960K, 17% used [0x00000000e0000000,0x00000000e06ec6d0,0x00000000e2800000)
 Metaspace       used 13676K, capacity 14024K, committed 14208K, reserved 1060864K
  class space    used 1664K, capacity 1800K, committed 1920K, reserved 1048576K
}
Event: 7.851 GC heap before
{Heap before GC invocations=4 (full 0):
 PSYoungGen      total 33280K, used 33275K [0x00000000f5580000, 0x00000000f9680000, 0x0000000100000000)
  eden space 30720K, 100% used [0x00000000f5580000,0x00000000f7380000,0x00000000f7380000)
  from space 2560K, 99% used [0x00000000f7380000,0x00000000f75fece0,0x00000000f7600000)
  to   space 2560K, 0% used [0x00000000f9400000,0x00000000f9400000,0x00000000f9680000)
 ParOldGen       total 40960K, used 7089K [0x00000000e0000000, 0x00000000e2800000, 0x00000000f5580000)
  object space 40960K, 17% used [0x00000000e0000000,0x00000000e06ec6d0,0x00000000e2800000)
 Metaspace       used 15087K, capacity 15370K, committed 15488K, reserved 1062912K
  class space    used 1767K, capacity 1865K, committed 1920K, reserved 1048576K
Event: 7.867 GC heap after
Heap after GC invocations=4 (full 0):
 PSYoungGen      total 64000K, used 2555K [0x00000000f5580000, 0x00000000f9680000, 0x0000000100000000)
  eden space 61440K, 0% used [0x00000000f5580000,0x00000000f5580000,0x00000000f9180000)
  from space 2560K, 99% used [0x00000000f9400000,0x00000000f967ed00,0x00000000f9680000)
  to   space 2560K, 0% used [0x00000000f9180000,0x00000000f9180000,0x00000000f9400000)
 ParOldGen       total 40960K, used 9684K [0x00000000e0000000, 0x00000000e2800000, 0x00000000f5580000)
  object space 40960K, 23% used [0x00000000e0000000,0x00000000e0975300,0x00000000e2800000)
 Metaspace       used 15087K, capacity 15370K, committed 15488K, reserved 1062912K
  class space    used 1767K, capacity 1865K, committed 1920K, reserved 1048576K
}

