# JRE version: Java(TM) SE Runtime Environment (8.0_111-b14) (build 1.8.0_111-b14)
# Java VM: Java HotSpot(TM) 64-Bit Server VM (25.111-b14 mixed mode linux-amd64 compressed oops)
Heap:
 PSYoungGen      total 124928K, used 26408K [0x00000000f5580000, 0x00000000fe580000, 0x0000000100000000)
  eden space 117760K, 22% used [0x00000000f5580000,0x00000000f6f4a108,0x00000000fc880000)
  from space 7168K, 0% used [0x00000000fd480000,0x00000000fd480000,0x00000000fdb80000)
  to   space 12288K, 0% used [0x00000000fc880000,0x00000000fc880000,0x00000000fd480000)
 ParOldGen       total 49664K, used 17767K [0x00000000e0000000, 0x00000000e3080000, 0x00000000f5580000)
  object space 49664K, 35% used [0x00000000e0000000,0x00000000e1159ea8,0x00000000e3080000)
 Metaspace       used 21625K, capacity 21936K, committed 22192K, reserved 1069056K
  class space    used 2339K, capacity 2449K, committed 2560K, reserved 1048576K
GC Heap History (10 events):
Event: 5.115 GC heap before
{Heap before GC invocations=3 (full 0):
 PSYoungGen      total 33280K, used 33251K [0x00000000f5580000, 0x00000000f7880000, 0x0000000100000000)
  eden space 30720K, 100% used [0x00000000f5580000,0x00000000f7380000,0x00000000f7380000)
  from space 2560K, 98% used [0x00000000f7600000,0x00000000f7878d10,0x00000000f7880000)
  to   space 2560K, 0% used [0x00000000f7380000,0x00000000f7380000,0x00000000f7600000)
 ParOldGen       total 40960K, used 2465K [0x00000000e0000000, 0x00000000e2800000, 0x00000000f5580000)
  object space 40960K, 6% used [0x00000000e0000000,0x00000000e02685f0,0x00000000e2800000)
 Metaspace       used 14057K, capacity 14264K, committed 14464K, reserved 1062912K
  class space    used 1770K, capacity 1858K, committed 1920K, reserved 1048576K
Event: 5.145 GC heap after
Heap after GC invocations=3 (full 0):
 PSYoungGen      total 33280K, used 2547K [0x00000000f5580000, 0x00000000f9680000, 0x0000000100000000)
  eden space 30720K, 0% used [0x00000000f5580000,0x00000000f5580000,0x00000000f7380000)
  from space 2560K, 99% used [0x00000000f7380000,0x00000000f75fcd40,0x00000000f7600000)
  to   space 2560K, 0% used [0x00000000f9400000,0x00000000f9400000,0x00000000f9680000)
 ParOldGen       total 40960K, used 6854K [0x00000000e0000000, 0x00000000e2800000, 0x00000000f5580000)
  object space 40960K, 16% used [0x00000000e0000000,0x00000000e06b18c8,0x00000000e2800000)
 Metaspace       used 14057K, capacity 14264K, committed 14464K, reserved 1062912K
  class space    used 1770K, capacity 1858K, committed 1920K, reserved 1048576K
}
Event: 7.223 GC heap before
{Heap before GC invocations=4 (full 0):
 PSYoungGen      total 33280K, used 33267K [0x00000000f5580000, 0x00000000f9680000, 0x0000000100000000)
  eden space 30720K, 100% used [0x00000000f5580000,0x00000000f7380000,0x00000000f7380000)
  from space 2560K, 99% used [0x00000000f7380000,0x00000000f75fcd40,0x00000000f7600000)
  to   space 2560K, 0% used [0x00000000f9400000,0x00000000f9400000,0x00000000f9680000)
 ParOldGen       total 40960K, used 6854K [0x00000000e0000000, 0x00000000e2800000, 0x00000000f5580000)
  object space 40960K, 16% used [0x00000000e0000000,0x00000000e06b18c8,0x00000000e2800000)
 Metaspace       used 16461K, capacity 16792K, committed 17024K, reserved 1064960K
  class space    used 1972K, capacity 2124K, committed 2176K, reserved 1048576K
Event: 7.249 GC heap after
Heap after GC invocations=4 (full 0):
 PSYoungGen      total 64000K, used 2528K [0x00000000f5580000, 0x00000000f9680000, 0x0000000100000000)
  eden space 61440K, 0% used [0x00000000f5580000,0x00000000f5580000,0x00000000f9180000)
  from space 2560K, 98% used [0x00000000f9400000,0x00000000f9678050,0x00000000f9680000)
  to   space 2560K, 0% used [0x00000000f9180000,0x00000000f9180000,0x00000000f9400000)
 ParOldGen       total 40960K, used 9509K [0x00000000e0000000, 0x00000000e2800000, 0x00000000f5580000)
  object space 40960K, 23% used [0x00000000e0000000,0x00000000e0949480,0x00000000e2800000)
 Metaspace       used 16461K, capacity 16792K, committed 17024K, reserved 1064960K
  class space    used 1972K, capacity 2124K, committed 2176K, reserved 1048576K
}
Event: 9.490 GC heap before
{Heap before GC invocations=5 (full 0):
 PSYoungGen      total 64000K, used 63968K [0x00000000f5580000, 0x00000000f9680000, 0x0000000100000000)
  eden space 61440K, 100% used [0x00000000f5580000,0x00000000f9180000,0x00000000f9180000)
  from space 2560K, 98% used [0x00000000f9400000,0x00000000f9678050,0x00000000f9680000)
  to   space 2560K, 0% used [0x00000000f9180000,0x00000000f9180000,0x00000000f9400000)
 ParOldGen       total 40960K, used 9509K [0x00000000e0000000, 0x00000000e2800000, 0x00000000f5580000)
  object space 40960K, 23% used [0x00000000e0000000,0x00000000e0949480,0x00000000e2800000)
 Metaspace       used 18255K, capacity 18590K, committed 18944K, reserved 1067008K
  class space    used 2065K, capacity 2189K, committed 2304K, reserved 1048576K
Event: 9.515 GC heap after
Heap after GC invocations=5 (full 0):
 PSYoungGen      total 64000K, used 2531K [0x00000000f5580000, 0x00000000fdb80000, 0x0000000100000000)
  eden space 61440K, 0% used [0x00000000f5580000,0x00000000f5580000,0x00000000f9180000)
  from space 2560K, 98% used [0x00000000f9180000,0x00000000f93f8d30,0x00000000f9400000)
  to   space 7168K, 0% used [0x00000000fd480000,0x00000000fd480000,0x00000000fdb80000)
 ParOldGen       total 40960K, used 12256K [0x00000000e0000000, 0x00000000e2800000, 0x00000000f5580000)
  object space 40960K, 29% used [0x00000000e0000000,0x00000000e0bf8008,0x00000000e2800000)
 Metaspace       used 18255K, capacity 18590K, committed 18944K, reserved 1067008K
  class space    used 2065K, capacity 2189K, committed 2304K, reserved 1048576K
}
Event: 11.586 GC heap before
{Heap before GC invocations=6 (full 0):
 PSYoungGen      total 64000K, used 48914K [0x00000000f5580000, 0x00000000fdb80000, 0x0000000100000000)
  eden space 61440K, 75% used [0x00000000f5580000,0x00000000f82cbc28,0x00000000f9180000)
  from space 2560K, 98% used [0x00000000f9180000,0x00000000f93f8d30,0x00000000f9400000)
  to   space 7168K, 0% used [0x00000000fd480000,0x00000000fd480000,0x00000000fdb80000)
 ParOldGen       total 40960K, used 12256K [0x00000000e0000000, 0x00000000e2800000, 0x00000000f5580000)
  object space 40960K, 29% used [0x00000000e0000000,0x00000000e0bf8008,0x00000000e2800000)
 Metaspace       used 20802K, capacity 21124K, committed 21296K, reserved 1069056K
  class space    used 2285K, capacity 2414K, committed 2432K, reserved 1048576K
Event: 11.667 GC heap after
Heap after GC invocations=6 (full 0):
 PSYoungGen      total 124928K, used 7150K [0x00000000f5580000, 0x00000000fe580000, 0x0000000100000000)
  eden space 117760K, 0% used [0x00000000f5580000,0x00000000f5580000,0x00000000fc880000)
  from space 7168K, 99% used [0x00000000fd480000,0x00000000fdb7ba50,0x00000000fdb80000)
  to   space 12288K, 0% used [0x00000000fc880000,0x00000000fc880000,0x00000000fd480000)
 ParOldGen       total 40960K, used 19588K [0x00000000e0000000, 0x00000000e2800000, 0x00000000f5580000)
  object space 40960K, 47% used [0x00000000e0000000,0x00000000e1321140,0x00000000e2800000)
 Metaspace       used 20802K, capacity 21124K, committed 21296K, reserved 1069056K
  class space    used 2285K, capacity 2414K, committed 2432K, reserved 1048576K
}
Event: 11.667 GC heap before
{Heap before GC invocations=7 (full 1):
 PSYoungGen      total 124928K, used 7150K [0x00000000f5580000, 0x00000000fe580000, 0x0000000100000000)
  eden space 117760K, 0% used [0x00000000f5580000,0x00000000f5580000,0x00000000fc880000)
  from space 7168K, 99% used [0x00000000fd480000,0x00000000fdb7ba50,0x00000000fdb80000)
  to   space 12288K, 0% used [0x00000000fc880000,0x00000000fc880000,0x00000000fd480000)
 ParOldGen       total 40960K, used 19588K [0x00000000e0000000, 0x00000000e2800000, 0x00000000f5580000)
  object space 40960K, 47% used [0x00000000e0000000,0x00000000e1321140,0x00000000e2800000)
 Metaspace       used 20802K, capacity 21124K, committed 21296K, reserved 1069056K
  class space    used 2285K, capacity 2414K, committed 2432K, reserved 1048576K
Event: 12.040 GC heap after
Heap after GC invocations=7 (full 1):
 PSYoungGen      total 124928K, used 0K [0x00000000f5580000, 0x00000000fe580000, 0x0000000100000000)
  eden space 117760K, 0% used [0x00000000f5580000,0x00000000f5580000,0x00000000fc880000)
  from space 7168K, 0% used [0x00000000fd480000,0x00000000fd480000,0x00000000fdb80000)
  to   space 12288K, 0% used [0x00000000fc880000,0x00000000fc880000,0x00000000fd480000)
 ParOldGen       total 49664K, used 17767K [0x00000000e0000000, 0x00000000e3080000, 0x00000000f5580000)
  object space 49664K, 35% used [0x00000000e0000000,0x00000000e1159ea8,0x00000000e3080000)
 Metaspace       used 20802K, capacity 21124K, committed 21296K, reserved 1069056K
  class space    used 2285K, capacity 2414K, committed 2432K, reserved 1048576K
}

